2026-01-11 16:43:29,078 INFO o.a.j.u.JMeterUtils: Setting Locale to en_IN
2026-01-11 16:43:29,087 INFO o.a.j.JMeter: Loading user properties from: user.properties
2026-01-11 16:43:29,087 INFO o.a.j.JMeter: Loading system properties from: system.properties
2026-01-11 16:43:29,087 INFO o.a.j.JMeter: Setting System property: sun.net.http.allowRestrictedHeaders=true
2026-01-11 16:43:29,090 INFO o.a.j.JMeter: Copyright (c) 1998-2024 The Apache Software Foundation
2026-01-11 16:43:29,090 INFO o.a.j.JMeter: Version 5.6.3
2026-01-11 16:43:29,090 INFO o.a.j.JMeter: java.version=1.8.0_441
2026-01-11 16:43:29,092 INFO o.a.j.JMeter: java.vm.name=Java HotSpot(TM) 64-Bit Server VM
2026-01-11 16:43:29,092 INFO o.a.j.JMeter: os.name=Windows 11
2026-01-11 16:43:29,092 INFO o.a.j.JMeter: os.arch=amd64
2026-01-11 16:43:29,092 INFO o.a.j.JMeter: os.version=10.0
2026-01-11 16:43:29,092 INFO o.a.j.JMeter: file.encoding=Cp1252
2026-01-11 16:43:29,092 INFO o.a.j.JMeter: java.awt.headless=true
2026-01-11 16:43:29,092 INFO o.a.j.JMeter: Max memory     =28633464832
2026-01-11 16:43:29,092 INFO o.a.j.JMeter: Available Processors =16
2026-01-11 16:43:29,094 INFO o.a.j.JMeter: Default Locale=English (India)
2026-01-11 16:43:29,095 INFO o.a.j.JMeter: JMeter  Locale=English (India)
2026-01-11 16:43:29,095 INFO o.a.j.JMeter: JMeterHome=C:\Performance\Git\Step2_CICD\target\e892b9d6-c0d9-41e6-a604-477e35864fd9\jmeter
2026-01-11 16:43:29,095 INFO o.a.j.JMeter: user.dir  =C:\Performance\Git\Step2_CICD\target\e892b9d6-c0d9-41e6-a604-477e35864fd9\jmeter\bin
2026-01-11 16:43:29,095 INFO o.a.j.JMeter: PWD       =C:\Performance\Git\Step2_CICD\target\e892b9d6-c0d9-41e6-a604-477e35864fd9\jmeter\bin
2026-01-11 16:43:29,122 INFO o.a.j.JMeter: IP: 192.168.31.78 Name: asus FullName: asus.lan
2026-01-11 16:43:29,122 INFO o.a.j.JMeter: Setting property 'jmeter.reportgenerator.outputdir' to:'C:\Performance\Git\Step2_CICD\target\jmeter\reports\DeckOfCards'
2026-01-11 16:43:29,122 INFO o.a.j.s.FileServer: Default base='C:\Performance\Git\Step2_CICD\target\e892b9d6-c0d9-41e6-a604-477e35864fd9\jmeter\bin'
2026-01-11 16:43:29,122 INFO o.a.j.s.FileServer: Set new base='C:\Performance\Git\Step2_CICD\target\jmeter\testFiles'
2026-01-11 16:43:29,202 INFO o.a.j.s.SaveService: Testplan (JMX) version: 2.2. Testlog (JTL) version: 2.2
2026-01-11 16:43:29,217 INFO o.a.j.s.SaveService: Using SaveService properties file encoding UTF-8
2026-01-11 16:43:29,217 INFO o.a.j.s.SaveService: Using SaveService properties version 5.0
2026-01-11 16:43:29,217 INFO o.a.j.s.SaveService: Loading file: C:\Performance\Git\Step2_CICD\target\jmeter\testFiles\DeckOfCards.jmx
2026-01-11 16:43:29,267 INFO o.a.j.p.h.s.HTTPSamplerBase: Parser for text/html is org.apache.jmeter.protocol.http.parser.LagartoBasedHtmlParser
2026-01-11 16:43:29,267 INFO o.a.j.p.h.s.HTTPSamplerBase: Parser for application/xhtml+xml is org.apache.jmeter.protocol.http.parser.LagartoBasedHtmlParser
2026-01-11 16:43:29,267 INFO o.a.j.p.h.s.HTTPSamplerBase: Parser for application/xml is org.apache.jmeter.protocol.http.parser.LagartoBasedHtmlParser
2026-01-11 16:43:29,267 INFO o.a.j.p.h.s.HTTPSamplerBase: Parser for text/xml is org.apache.jmeter.protocol.http.parser.LagartoBasedHtmlParser
2026-01-11 16:43:29,267 INFO o.a.j.p.h.s.HTTPSamplerBase: Parser for text/vnd.wap.wml is org.apache.jmeter.protocol.http.parser.RegexpHTMLParser
2026-01-11 16:43:29,267 INFO o.a.j.p.h.s.HTTPSamplerBase: Parser for text/css is org.apache.jmeter.protocol.http.parser.CssParser
2026-01-11 16:43:29,474 INFO o.a.j.s.SampleResult: Note: Sample TimeStamps are START times
2026-01-11 16:43:29,474 INFO o.a.j.s.SampleResult: sampleresult.default.encoding is set to UTF-8
2026-01-11 16:43:29,474 INFO o.a.j.s.SampleResult: sampleresult.useNanoTime=true
2026-01-11 16:43:29,474 INFO o.a.j.s.SampleResult: sampleresult.nanoThreadSleep=5000
2026-01-11 16:43:29,495 INFO o.a.j.JMeter: Creating summariser <summary>
2026-01-11 16:43:29,497 INFO o.a.j.r.d.ReportGenerator: ReportGenerator will use for Parsing the separator: ','
2026-01-11 16:43:29,499 INFO o.a.j.r.d.ReportGenerator: Will generate report at end of test from  results file: C:\Performance\Git\Step2_CICD\target\jmeter\results\DeckOfCards.csv
2026-01-11 16:43:29,499 INFO o.a.j.r.d.ReportGenerator: Reading report generator properties from: C:\Performance\Git\Step2_CICD\target\e892b9d6-c0d9-41e6-a604-477e35864fd9\jmeter\bin\reportgenerator.properties
2026-01-11 16:43:29,499 INFO o.a.j.r.d.ReportGenerator: Merging with JMeter properties
2026-01-11 16:43:29,503 INFO o.a.j.r.c.ReportGeneratorConfiguration: Property 'jmeter.reportgenerator.temp_dir' not found, using default value 'temp' instead.
2026-01-11 16:43:29,505 INFO o.a.j.r.c.ReportGeneratorConfiguration: Property 'jmeter.reportgenerator.apdex_per_transaction' not found, using default value 'null' instead.
2026-01-11 16:43:29,505 INFO o.a.j.r.c.ReportGeneratorConfiguration: apdex_per_transaction is empty, not APDEX per transaction customization
2026-01-11 16:43:29,505 INFO o.a.j.r.c.ReportGeneratorConfiguration: Property 'jmeter.reportgenerator.sample_filter' not found, using default value 'null' instead.
2026-01-11 16:43:29,505 INFO o.a.j.r.c.ReportGeneratorConfiguration: Property 'jmeter.reportgenerator.report_title' not found, using default value 'null' instead.
2026-01-11 16:43:29,505 INFO o.a.j.r.c.ReportGeneratorConfiguration: Property 'jmeter.reportgenerator.start_date' not found, using default value 'null' instead.
2026-01-11 16:43:29,505 INFO o.a.j.r.c.ReportGeneratorConfiguration: Property 'jmeter.reportgenerator.end_date' not found, using default value 'null' instead.
2026-01-11 16:43:29,505 INFO o.a.j.r.c.ReportGeneratorConfiguration: Property 'jmeter.reportgenerator.date_format' not found, using default value 'null' instead.
2026-01-11 16:43:29,505 INFO o.a.j.r.c.ReportGeneratorConfiguration: Will use date range start date: null, end date: null
2026-01-11 16:43:29,506 INFO o.a.j.r.c.ReportGeneratorConfiguration: Property 'jmeter.reportgenerator.graph.totalTPS.exclude_controllers' not found, using default value 'false' instead.
2026-01-11 16:43:29,506 INFO o.a.j.r.c.ReportGeneratorConfiguration: Property 'jmeter.reportgenerator.graph.activeThreadsOverTime.exclude_controllers' not found, using default value 'false' instead.
2026-01-11 16:43:29,506 INFO o.a.j.r.c.ReportGeneratorConfiguration: Property 'jmeter.reportgenerator.graph.timeVsThreads.exclude_controllers' not found, using default value 'false' instead.
2026-01-11 16:43:29,506 INFO o.a.j.r.c.ReportGeneratorConfiguration: Property 'jmeter.reportgenerator.graph.responseTimeDistribution.exclude_controllers' not found, using default value 'false' instead.
2026-01-11 16:43:29,506 INFO o.a.j.r.c.ReportGeneratorConfiguration: Property 'jmeter.reportgenerator.graph.transactionsPerSecond.exclude_controllers' not found, using default value 'false' instead.
2026-01-11 16:43:29,506 INFO o.a.j.r.c.ReportGeneratorConfiguration: Property 'jmeter.reportgenerator.graph.responseTimePercentiles.exclude_controllers' not found, using default value 'false' instead.
2026-01-11 16:43:29,506 INFO o.a.j.r.c.ReportGeneratorConfiguration: Property 'jmeter.reportgenerator.graph.responseTimePercentilesOverTime.exclude_controllers' not found, using default value 'false' instead.
2026-01-11 16:43:29,506 INFO o.a.j.r.c.ReportGeneratorConfiguration: Property 'jmeter.reportgenerator.graph.responseTimesOverTime.exclude_controllers' not found, using default value 'false' instead.
2026-01-11 16:43:29,506 INFO o.a.j.r.c.ReportGeneratorConfiguration: Property 'jmeter.reportgenerator.graph.connectTimeOverTime.exclude_controllers' not found, using default value 'false' instead.
2026-01-11 16:43:29,506 INFO o.a.j.r.c.ReportGeneratorConfiguration: Property 'jmeter.reportgenerator.graph.latenciesOverTime.exclude_controllers' not found, using default value 'false' instead.
2026-01-11 16:43:29,506 INFO o.a.j.r.c.ReportGeneratorConfiguration: Property 'jmeter.reportgenerator.exporter.json.filters_only_sample_series' not found, using default value 'true' instead.
2026-01-11 16:43:29,506 INFO o.a.j.r.c.ReportGeneratorConfiguration: Property 'jmeter.reportgenerator.exporter.json.series_filter' not found, using default value '' instead.
2026-01-11 16:43:29,506 INFO o.a.j.r.c.ReportGeneratorConfiguration: Property 'jmeter.reportgenerator.exporter.json.show_controllers_only' not found, using default value 'false' instead.
2026-01-11 16:43:29,506 INFO o.a.j.r.c.ReportGeneratorConfiguration: Property 'jmeter.reportgenerator.exporter.html.filters_only_sample_series' not found, using default value 'true' instead.
2026-01-11 16:43:29,506 INFO o.a.j.r.c.ReportGeneratorConfiguration: Property 'jmeter.reportgenerator.exporter.html.series_filter' not found, using default value '' instead.
2026-01-11 16:43:29,506 INFO o.a.j.r.c.ReportGeneratorConfiguration: Property 'jmeter.reportgenerator.exporter.html.show_controllers_only' not found, using default value 'false' instead.
2026-01-11 16:43:29,506 INFO o.a.j.e.StandardJMeterEngine: Running the test!
2026-01-11 16:43:29,506 INFO o.a.j.s.SampleEvent: List of sample_variables: []
2026-01-11 16:43:29,506 INFO o.a.j.s.SampleEvent: List of sample_variables: []
2026-01-11 16:43:29,506 INFO o.a.j.e.u.CompoundVariable: Note: Function class names must contain the string: '.functions.'
2026-01-11 16:43:29,506 INFO o.a.j.e.u.CompoundVariable: Note: Function class names must not contain the string: '.gui.'
2026-01-11 16:43:29,666 INFO o.a.j.r.ClassFinder: Will scan jar C:\Performance\Git\Step2_CICD\target\e892b9d6-c0d9-41e6-a604-477e35864fd9\jmeter\lib\ext\jmeter-plugins-casutg-2.4.jar with filter ExtendsClassFilter [parents=[interface org.apache.jmeter.functions.Function], inner=false, contains=null, notContains=null]. Consider exposing JMeter plugins via META-INF/services, and add JMeter-Skip-Class-Scanning=true manifest attribute so JMeter can skip classfile scanning
2026-01-11 16:43:29,681 INFO o.a.j.JMeter: Running test (1768130009681)
2026-01-11 16:43:29,762 INFO o.a.j.e.StandardJMeterEngine: Starting ThreadGroup: 1 : Number of Users
2026-01-11 16:43:29,762 INFO o.a.j.e.StandardJMeterEngine: Starting 5 threads for group Number of Users.
2026-01-11 16:43:29,762 INFO o.a.j.e.StandardJMeterEngine: Thread will continue on error
2026-01-11 16:43:29,762 INFO o.a.j.t.ThreadGroup: Starting thread group... number=1 threads=5 ramp-up=1 delayedStart=false
2026-01-11 16:43:29,762 INFO o.a.j.t.ThreadGroup: Started thread group number 1
2026-01-11 16:43:29,762 INFO o.a.j.e.StandardJMeterEngine: All thread groups have been started
2026-01-11 16:43:29,762 INFO o.a.j.t.JMeterThread: Thread started: Number of Users 1-1
2026-01-11 16:43:29,778 INFO o.a.j.p.h.s.HTTPHCAbstractImpl: Local host = asus
2026-01-11 16:43:29,778 INFO o.a.j.p.h.s.HTTPHC4Impl: HTTP request retry count = 0
2026-01-11 16:43:29,936 INFO o.a.j.p.h.s.h.LazyLayeredConnectionSocketFactory: Setting up HTTPS TrustAll Socket Factory
2026-01-11 16:43:29,936 INFO o.a.j.u.JsseSSLManager: Using default SSL protocol: TLS
2026-01-11 16:43:29,936 INFO o.a.j.u.JsseSSLManager: SSL session context: per-thread
2026-01-11 16:43:29,968 INFO o.a.j.t.JMeterThread: Thread started: Number of Users 1-2
2026-01-11 16:43:30,168 INFO o.a.j.t.JMeterThread: Thread started: Number of Users 1-3
2026-01-11 16:43:30,280 INFO o.a.j.u.SSLManager: JmeterKeyStore Location:  type JKS
2026-01-11 16:43:30,280 INFO o.a.j.u.SSLManager: KeyStore created OK
2026-01-11 16:43:30,280 WARN o.a.j.u.SSLManager: Keystore file not found, loading empty keystore
2026-01-11 16:43:30,375 INFO o.a.j.t.JMeterThread: Thread started: Number of Users 1-4
2026-01-11 16:43:30,567 INFO o.a.j.t.JMeterThread: Thread started: Number of Users 1-5
2026-01-11 16:43:30,934 INFO o.a.j.r.Summariser: summary +      1 in 00:00:01 =    0.8/s Avg:   971 Min:   971 Max:   971 Err:     0 (0.00%) Active: 5 Started: 5 Finished: 0
2026-01-11 16:44:00,124 INFO o.a.j.r.Summariser: summary +    307 in 00:00:29 =   10.5/s Avg:   481 Min:   331 Max:  2567 Err:     0 (0.00%) Active: 5 Started: 5 Finished: 0
2026-01-11 16:44:00,140 INFO o.a.j.r.Summariser: summary =    308 in 00:00:30 =   10.1/s Avg:   482 Min:   331 Max:  2567 Err:     0 (0.00%)
2026-01-11 16:44:29,950 INFO o.a.j.t.JMeterThread: Stopping because end time detected by thread: Number of Users 1-5
2026-01-11 16:44:29,950 INFO o.a.j.t.JMeterThread: Thread finished: Number of Users 1-5
2026-01-11 16:44:30,046 INFO o.a.j.r.Summariser: summary +    300 in 00:00:30 =   10.0/s Avg:   496 Min:   337 Max:  1919 Err:     0 (0.00%) Active: 4 Started: 5 Finished: 1
2026-01-11 16:44:30,046 INFO o.a.j.r.Summariser: summary =    608 in 00:01:00 =   10.1/s Avg:   489 Min:   331 Max:  2567 Err:     0 (0.00%)
2026-01-11 16:44:30,046 INFO o.a.j.t.JMeterThread: Stopping because end time detected by thread: Number of Users 1-2
2026-01-11 16:44:30,046 INFO o.a.j.t.JMeterThread: Thread finished: Number of Users 1-2
2026-01-11 16:44:30,062 INFO o.a.j.t.JMeterThread: Stopping because end time detected by thread: Number of Users 1-1
2026-01-11 16:44:30,062 INFO o.a.j.t.JMeterThread: Thread finished: Number of Users 1-1
2026-01-11 16:44:30,465 INFO o.a.j.t.JMeterThread: Stopping because end time detected by thread: Number of Users 1-4
2026-01-11 16:44:30,465 INFO o.a.j.t.JMeterThread: Thread finished: Number of Users 1-4
2026-01-11 16:44:30,503 INFO o.a.j.t.JMeterThread: Stopping because end time detected by thread: Number of Users 1-3
2026-01-11 16:44:30,503 INFO o.a.j.t.JMeterThread: Thread finished: Number of Users 1-3
2026-01-11 16:44:30,504 INFO o.a.j.e.StandardJMeterEngine: Notifying test listeners of end of test
2026-01-11 16:44:30,505 INFO o.a.j.r.Summariser: summary +      3 in 00:00:00 =    6.5/s Avg:   678 Min:   358 Max:   855 Err:     0 (0.00%) Active: 0 Started: 5 Finished: 5
2026-01-11 16:44:30,505 INFO o.a.j.r.Summariser: summary =    611 in 00:01:01 =   10.0/s Avg:   490 Min:   331 Max:  2567 Err:     0 (0.00%)
2026-01-11 16:44:30,506 INFO o.a.j.JMeter: Generating Dashboard
2026-01-11 16:44:30,506 INFO o.a.j.r.d.ReportGenerator: Flushing result collector before report Generation
2026-01-11 16:44:30,516 INFO o.a.j.r.p.NormalizerSampleConsumer: Using format, 'ms', to parse timeStamp field
2026-01-11 16:44:30,582 INFO o.a.j.r.p.AbstractSampleConsumer: class org.apache.jmeter.report.processor.AggregateConsumer#stopProducing(): beginDate produced 0 samples
2026-01-11 16:44:30,582 INFO o.a.j.r.p.AbstractSampleConsumer: class org.apache.jmeter.report.processor.AggregateConsumer#stopProducing(): endDate produced 0 samples
2026-01-11 16:44:30,584 INFO o.a.j.r.p.AbstractSampleConsumer: class org.apache.jmeter.report.processor.ApdexSummaryConsumer#stopProducing(): apdexSummary produced 0 samples
2026-01-11 16:44:30,584 INFO o.a.j.r.p.AbstractSampleConsumer: class org.apache.jmeter.report.processor.RequestsSummaryConsumer#stopProducing(): requestsSummary produced 0 samples
2026-01-11 16:44:30,586 INFO o.a.j.r.p.AbstractSampleConsumer: class org.apache.jmeter.report.processor.StatisticsSummaryConsumer#stopProducing(): statisticsSummary produced 0 samples
2026-01-11 16:44:30,591 INFO o.a.j.r.p.AbstractSampleConsumer: class org.apache.jmeter.report.processor.Top5ErrorsBySamplerConsumer#stopProducing(): top5ErrorsBySampler produced 0 samples
2026-01-11 16:44:30,591 INFO o.a.j.r.p.AbstractSampleConsumer: class org.apache.jmeter.report.processor.ErrorsSummaryConsumer#stopProducing(): errorsSummary produced 0 samples
2026-01-11 16:44:30,591 INFO o.a.j.r.p.AbstractSampleConsumer: class org.apache.jmeter.report.processor.graph.impl.HitsPerSecondGraphConsumer#stopProducing(): hitsPerSecond produced 0 samples
2026-01-11 16:44:30,609 INFO o.a.j.r.p.AbstractSampleConsumer: class org.apache.jmeter.report.processor.graph.impl.LatencyVSRequestGraphConsumer#stopProducing(): latencyVsRequest produced 0 samples
2026-01-11 16:44:30,610 INFO o.a.j.r.p.AbstractSampleConsumer: class org.apache.jmeter.report.processor.graph.impl.SyntheticResponseTimeDistributionGraphConsumer#stopProducing(): syntheticResponseTimeDistribution produced 0 samples
2026-01-11 16:44:30,610 INFO o.a.j.r.p.AbstractSampleConsumer: class org.apache.jmeter.report.processor.graph.impl.BytesThroughputGraphConsumer#stopProducing(): bytesThroughputOverTime produced 0 samples
2026-01-11 16:44:30,610 INFO o.a.j.r.p.AbstractSampleConsumer: class org.apache.jmeter.report.processor.graph.impl.CodesPerSecondGraphConsumer#stopProducing(): codesPerSecond produced 0 samples
2026-01-11 16:44:30,617 INFO o.a.j.r.p.AbstractSampleConsumer: class org.apache.jmeter.report.processor.graph.impl.ResponseTimeVSRequestGraphConsumer#stopProducing(): responseTimeVsRequest produced 0 samples
2026-01-11 16:44:30,618 INFO o.a.j.r.p.AbstractSampleConsumer: class org.apache.jmeter.report.processor.FilterConsumer#stopProducing(): startIntervalControlerFilter produced 4277 samples
2026-01-11 16:44:30,618 INFO o.a.j.r.p.AbstractSampleConsumer: class org.apache.jmeter.report.processor.graph.impl.TotalTPSGraphConsumer#stopProducing(): totalTPS produced 0 samples
2026-01-11 16:44:30,618 INFO o.a.j.r.p.AbstractSampleConsumer: class org.apache.jmeter.report.processor.graph.impl.ActiveThreadsGraphConsumer#stopProducing(): activeThreadsOverTime produced 0 samples
2026-01-11 16:44:30,618 INFO o.a.j.r.p.AbstractSampleConsumer: class org.apache.jmeter.report.processor.graph.impl.TimeVSThreadGraphConsumer#stopProducing(): timeVsThreads produced 0 samples
2026-01-11 16:44:30,618 INFO o.a.j.r.p.AbstractSampleConsumer: class org.apache.jmeter.report.processor.graph.impl.ResponseTimeDistributionGraphConsumer#stopProducing(): responseTimeDistribution produced 0 samples
2026-01-11 16:44:30,618 INFO o.a.j.r.p.AbstractSampleConsumer: class org.apache.jmeter.report.processor.graph.impl.TransactionsPerSecondGraphConsumer#stopProducing(): transactionsPerSecond produced 0 samples
2026-01-11 16:44:30,618 INFO o.a.j.r.p.AbstractSampleConsumer: class org.apache.jmeter.report.processor.graph.impl.ResponseTimePercentilesGraphConsumer#stopProducing(): responseTimePercentiles produced 0 samples
2026-01-11 16:44:30,619 INFO o.a.j.r.p.AbstractSampleConsumer: class org.apache.jmeter.report.processor.graph.impl.ResponseTimePercentilesOverTimeGraphConsumer#stopProducing(): responseTimePercentilesOverTime produced 0 samples
2026-01-11 16:44:30,620 INFO o.a.j.r.p.AbstractSampleConsumer: class org.apache.jmeter.report.processor.graph.impl.ResponseTimeOverTimeGraphConsumer#stopProducing(): responseTimesOverTime produced 0 samples
2026-01-11 16:44:30,620 INFO o.a.j.r.p.AbstractSampleConsumer: class org.apache.jmeter.report.processor.graph.impl.ConnectTimeOverTimeGraphConsumer#stopProducing(): connectTimeOverTime produced 0 samples
2026-01-11 16:44:30,620 INFO o.a.j.r.p.AbstractSampleConsumer: class org.apache.jmeter.report.processor.graph.impl.LatencyOverTimeGraphConsumer#stopProducing(): latenciesOverTime produced 0 samples
2026-01-11 16:44:30,620 INFO o.a.j.r.p.AbstractSampleConsumer: class org.apache.jmeter.report.processor.FilterConsumer#stopProducing(): nameFilter produced 9165 samples
2026-01-11 16:44:30,620 INFO o.a.j.r.p.AbstractSampleConsumer: class org.apache.jmeter.report.processor.FilterConsumer#stopProducing(): dateRangeFilter produced 1833 samples
2026-01-11 16:44:30,620 INFO o.a.j.r.p.AbstractSampleConsumer: class org.apache.jmeter.report.processor.NormalizerSampleConsumer#stopProducing(): normalizer produced 611 samples
2026-01-11 16:44:30,621 INFO o.a.j.r.p.CsvFileSampleSource: produce(): 611 samples produced in 86ms on channel 0
2026-01-11 16:44:30,621 INFO o.a.j.r.d.ReportGenerator: Exporting data using exporter:'json' of className:'org.apache.jmeter.report.dashboard.JsonExporter'
2026-01-11 16:44:30,675 INFO o.a.j.r.d.JsonExporter: Found data for consumer statisticsSummary in context
2026-01-11 16:44:30,675 INFO o.a.j.r.d.JsonExporter: Creating statistics for overall
2026-01-11 16:44:30,676 INFO o.a.j.r.d.JsonExporter: Creating statistics for other transactions
2026-01-11 16:44:30,676 INFO o.a.j.r.d.JsonExporter: Checking output folder
2026-01-11 16:44:30,676 INFO o.a.j.r.d.JsonExporter: Writing statistics JSON to C:\Performance\Git\Step2_CICD\target\jmeter\reports\DeckOfCards\statistics.json
2026-01-11 16:44:30,702 INFO o.a.j.r.d.ReportGenerator: Exporting data using exporter:'html' of className:'org.apache.jmeter.report.dashboard.HtmlTemplateExporter'
2026-01-11 16:44:30,704 INFO o.a.j.r.d.HtmlTemplateExporter: Will generate dashboard in folder: C:\Performance\Git\Step2_CICD\target\jmeter\reports\DeckOfCards
2026-01-11 16:44:30,764 INFO o.a.j.r.d.HtmlTemplateExporter: Report will be generated in: C:\Performance\Git\Step2_CICD\target\jmeter\reports\DeckOfCards, creating folder structure
2026-01-11 16:44:30,767 INFO o.a.j.r.d.TemplateVisitor: Copying folder from 'C:\Performance\Git\Step2_CICD\target\e892b9d6-c0d9-41e6-a604-477e35864fd9\jmeter\bin\report-template' to 'C:\Performance\Git\Step2_CICD\target\jmeter\reports\DeckOfCards', got message: C:\Performance\Git\Step2_CICD\target\jmeter\reports\DeckOfCards, found non empty folder with following content [C:\Performance\Git\Step2_CICD\target\jmeter\reports\DeckOfCards\statistics.json], will be ignored
2026-01-11 16:44:30,924 INFO o.a.j.JMeter: Dashboard generated
